<?xml version="1.0" encoding="UTF-8"?>
<testsuite name="test.pivotal.pal.trackerapi.TimeEntryApiTest" tests="5" skipped="0" failures="0" errors="0" timestamp="2019-09-11T05:52:15" hostname="ubuntu-HP-ProBook-440-G5" time="0.291">
  <properties/>
  <testcase name="testList" classname="test.pivotal.pal.trackerapi.TimeEntryApiTest" time="0.18"/>
  <testcase name="testRead" classname="test.pivotal.pal.trackerapi.TimeEntryApiTest" time="0.029"/>
  <testcase name="testCreate" classname="test.pivotal.pal.trackerapi.TimeEntryApiTest" time="0.02"/>
  <testcase name="testDelete" classname="test.pivotal.pal.trackerapi.TimeEntryApiTest" time="0.03"/>
  <testcase name="testUpdate" classname="test.pivotal.pal.trackerapi.TimeEntryApiTest" time="0.029"/>
  <system-out><![CDATA[2019-09-11 05:52:15.185  INFO 2418 --- [    Test worker] .b.t.c.SpringBootTestContextBootstrapper : Neither @ContextConfiguration nor @ContextHierarchy found for test class [test.pivotal.pal.trackerapi.TimeEntryApiTest], using SpringBootContextLoader
2019-09-11 05:52:15.186  INFO 2418 --- [    Test worker] o.s.t.c.support.AbstractContextLoader    : Could not detect default resource locations for test class [test.pivotal.pal.trackerapi.TimeEntryApiTest]: no resource found for suffixes {-context.xml, Context.groovy}.
2019-09-11 05:52:15.188  INFO 2418 --- [    Test worker] .b.t.c.SpringBootTestContextBootstrapper : Loaded default TestExecutionListener class names from location [META-INF/spring.factories]: [org.springframework.boot.test.autoconfigure.restdocs.RestDocsTestExecutionListener, org.springframework.boot.test.autoconfigure.web.client.MockRestServiceServerResetTestExecutionListener, org.springframework.boot.test.autoconfigure.web.servlet.MockMvcPrintOnlyOnFailureTestExecutionListener, org.springframework.boot.test.autoconfigure.web.servlet.WebDriverTestExecutionListener, org.springframework.boot.test.mock.mockito.MockitoTestExecutionListener, org.springframework.boot.test.mock.mockito.ResetMocksTestExecutionListener, org.springframework.test.context.web.ServletTestExecutionListener, org.springframework.test.context.support.DirtiesContextBeforeModesTestExecutionListener, org.springframework.test.context.support.DependencyInjectionTestExecutionListener, org.springframework.test.context.support.DirtiesContextTestExecutionListener, org.springframework.test.context.transaction.TransactionalTestExecutionListener, org.springframework.test.context.jdbc.SqlScriptsTestExecutionListener]
2019-09-11 05:52:15.189  INFO 2418 --- [    Test worker] .b.t.c.SpringBootTestContextBootstrapper : Using TestExecutionListeners: [org.springframework.test.context.web.ServletTestExecutionListener@4929055c, org.springframework.test.context.support.DirtiesContextBeforeModesTestExecutionListener@7b87aabf, org.springframework.boot.test.mock.mockito.MockitoTestExecutionListener@6a6ed75, org.springframework.boot.test.autoconfigure.SpringBootDependencyInjectionTestExecutionListener@6fcd767d, org.springframework.test.context.support.DirtiesContextTestExecutionListener@6ecf9d3d, org.springframework.test.context.transaction.TransactionalTestExecutionListener@28db1009, org.springframework.test.context.jdbc.SqlScriptsTestExecutionListener@19a78d22, org.springframework.boot.test.autoconfigure.restdocs.RestDocsTestExecutionListener@1ddd6ef5, org.springframework.boot.test.autoconfigure.web.client.MockRestServiceServerResetTestExecutionListener@fe93e06, org.springframework.boot.test.autoconfigure.web.servlet.MockMvcPrintOnlyOnFailureTestExecutionListener@7fc23caa, org.springframework.boot.test.autoconfigure.web.servlet.WebDriverTestExecutionListener@5a2960ed, org.springframework.boot.test.mock.mockito.ResetMocksTestExecutionListener@2c75079b]
2019-09-11 05:52:15.283  INFO 2418 --- [o-auto-1-exec-2] com.zaxxer.hikari.HikariDataSource       : HikariPool-1 - Starting...
2019-09-11 05:52:15.287  WARN 2418 --- [o-auto-1-exec-2] com.zaxxer.hikari.util.DriverDataSource  : Registered driver with driverClassName=com.mysql.jdbc.Driver was not found, trying direct instantiation.
2019-09-11 05:52:15.300  INFO 2418 --- [o-auto-1-exec-2] com.zaxxer.hikari.HikariDataSource       : HikariPool-1 - Start completed.
]]></system-out>
  <system-err><![CDATA[]]></system-err>
</testsuite>
