<?xml version="1.0" encoding="UTF-8"?>
<testsuite name="test.pivotal.pal.trackerapi.HealthApiTest" tests="1" skipped="0" failures="0" errors="0" timestamp="2019-09-11T06:55:29" hostname="ubuntu-HP-ProBook-440-G5" time="0.037">
  <properties/>
  <testcase name="healthTest" classname="test.pivotal.pal.trackerapi.HealthApiTest" time="0.037"/>
  <system-out><![CDATA[2019-09-11 06:55:29.519  INFO 5359 --- [    Test worker] .b.t.c.SpringBootTestContextBootstrapper : Neither @ContextConfiguration nor @ContextHierarchy found for test class [test.pivotal.pal.trackerapi.HealthApiTest], using SpringBootContextLoader
2019-09-11 06:55:29.520  INFO 5359 --- [    Test worker] o.s.t.c.support.AbstractContextLoader    : Could not detect default resource locations for test class [test.pivotal.pal.trackerapi.HealthApiTest]: no resource found for suffixes {-context.xml, Context.groovy}.
2019-09-11 06:55:29.521  INFO 5359 --- [    Test worker] .b.t.c.SpringBootTestContextBootstrapper : Loaded default TestExecutionListener class names from location [META-INF/spring.factories]: [org.springframework.boot.test.autoconfigure.restdocs.RestDocsTestExecutionListener, org.springframework.boot.test.autoconfigure.web.client.MockRestServiceServerResetTestExecutionListener, org.springframework.boot.test.autoconfigure.web.servlet.MockMvcPrintOnlyOnFailureTestExecutionListener, org.springframework.boot.test.autoconfigure.web.servlet.WebDriverTestExecutionListener, org.springframework.boot.test.mock.mockito.MockitoTestExecutionListener, org.springframework.boot.test.mock.mockito.ResetMocksTestExecutionListener, org.springframework.test.context.web.ServletTestExecutionListener, org.springframework.test.context.support.DirtiesContextBeforeModesTestExecutionListener, org.springframework.test.context.support.DependencyInjectionTestExecutionListener, org.springframework.test.context.support.DirtiesContextTestExecutionListener, org.springframework.test.context.transaction.TransactionalTestExecutionListener, org.springframework.test.context.jdbc.SqlScriptsTestExecutionListener]
2019-09-11 06:55:29.521  INFO 5359 --- [    Test worker] .b.t.c.SpringBootTestContextBootstrapper : Using TestExecutionListeners: [org.springframework.test.context.web.ServletTestExecutionListener@751bef95, org.springframework.test.context.support.DirtiesContextBeforeModesTestExecutionListener@338c01b0, org.springframework.boot.test.mock.mockito.MockitoTestExecutionListener@21da8eae, org.springframework.boot.test.autoconfigure.SpringBootDependencyInjectionTestExecutionListener@16eeacda, org.springframework.test.context.support.DirtiesContextTestExecutionListener@3ca38ed5, org.springframework.test.context.transaction.TransactionalTestExecutionListener@6f718970, org.springframework.test.context.jdbc.SqlScriptsTestExecutionListener@1aabd5ce, org.springframework.boot.test.autoconfigure.restdocs.RestDocsTestExecutionListener@7940223d, org.springframework.boot.test.autoconfigure.web.client.MockRestServiceServerResetTestExecutionListener@59b5dee6, org.springframework.boot.test.autoconfigure.web.servlet.MockMvcPrintOnlyOnFailureTestExecutionListener@3a6ce6a9, org.springframework.boot.test.autoconfigure.web.servlet.WebDriverTestExecutionListener@7e2d518f, org.springframework.boot.test.mock.mockito.ResetMocksTestExecutionListener@604d5bd]
]]></system-out>
  <system-err><![CDATA[]]></system-err>
</testsuite>
